#
# There is insufficient memory for the Java Runtime Environment to continue.
# Native memory allocation (malloc) failed to allocate 880656 bytes for Chunk::new
# Possible reasons:
#   The system is out of physical RAM or swap space
#   The process is running with CompressedOops enabled, and the Java Heap may be blocking the growth of the native heap
# Possible solutions:
#   Reduce memory load on the system
#   Increase physical memory or swap space
#   Check if swap backing store is full
#   Decrease Java heap size (-Xmx/-Xms)
#   Decrease number of Java threads
#   Decrease Java thread stack sizes (-Xss)
#   Set larger code cache with -XX:ReservedCodeCacheSize=
#   JVM is running with Unscaled Compressed Oops mode in which the Java heap is
#     placed in the first 4GB address space. The Java Heap base address is the
#     maximum limit for the native heap growth. Please use -XX:HeapBaseMinAddress
#     to set the Java Heap base and to place the Java Heap above 4GB virtual address.
# This output file may be truncated or incomplete.
#
#  Out of Memory Error (arena.cpp:189), pid=12192, tid=21596
#
# JRE version: Java(TM) SE Runtime Environment (17.0.2+8) (build 17.0.2+8-LTS-86)
# Java VM: Java HotSpot(TM) 64-Bit Server VM (17.0.2+8-LTS-86, mixed mode, sharing, tiered, compressed oops, compressed class ptrs, g1 gc, windows-amd64)
# No core dump will be written. Minidumps are not enabled by default on client versions of Windows
#

---------------  S U M M A R Y ------------

Command Line: -XX:MaxMetaspaceSize=512m --add-opens=java.base/java.util=ALL-UNNAMED --add-opens=java.base/java.lang=ALL-UNNAMED --add-opens=java.base/java.lang.invoke=ALL-UNNAMED --add-opens=java.prefs/java.util.prefs=ALL-UNNAMED --add-opens=java.base/java.nio.charset=ALL-UNNAMED --add-opens=java.base/java.net=ALL-UNNAMED --add-opens=java.base/java.util.concurrent.atomic=ALL-UNNAMED -Xmx2048m -Dfile.encoding=windows-1252 -Duser.country=US -Duser.language=en -Duser.variant org.gradle.launcher.daemon.bootstrap.GradleDaemon 8.0.1

Host: AMD Ryzen 5 3500U with Radeon Vega Mobile Gfx  , 8 cores, 5G,  Windows 10 , 64 bit Build 19041 (10.0.19041.3570)
Time: Fri Nov 10 06:12:25 2023 SE Asia Standard Time elapsed time: 55.821624 seconds (0d 0h 0m 55s)

---------------  T H R E A D  ---------------

Current thread (0x000001fbb6601990):  JavaThread "C2 CompilerThread0" daemon [_thread_in_native, id=21596, stack(0x0000003217f00000,0x0000003218000000)]


Current CompileTask:
C2:  55821 6748       4       java.net.URLClassLoader$1::run (5 bytes)

Stack: [0x0000003217f00000,0x0000003218000000]
Native frames: (J=compiled Java code, j=interpreted, Vv=VM code, C=native code)
V  [jvm.dll+0x670baa]
V  [jvm.dll+0x7cfcb4]
V  [jvm.dll+0x7d145e]
V  [jvm.dll+0x7d1ac3]
V  [jvm.dll+0x242bc5]
V  [jvm.dll+0xaa57b]
V  [jvm.dll+0xaab0c]
V  [jvm.dll+0x2a991f]
V  [jvm.dll+0x5792d9]
V  [jvm.dll+0x21de3d]
V  [jvm.dll+0x21e21f]
V  [jvm.dll+0x217ae5]
V  [jvm.dll+0x214fab]
V  [jvm.dll+0x1a1bbd]
V  [jvm.dll+0x224908]
V  [jvm.dll+0x222a6c]
V  [jvm.dll+0x7859bb]
V  [jvm.dll+0x77ff7a]
V  [jvm.dll+0x66fa35]
C  [ucrtbase.dll+0x21bb2]
C  [KERNEL32.DLL+0x17344]
C  [ntdll.dll+0x526b1]


---------------  P R O C E S S  ---------------

Threads class SMR info:
_java_thread_list=0x000001fbbb307240, length=71, elements={
0x000001fb984a4c50, 0x000001fbb65e8210, 0x000001fbb65e8f90, 0x000001fbb65faf80,
0x000001fbb65fca50, 0x000001fbb6600430, 0x000001fbb6600cf0, 0x000001fbb6601990,
0x000001fbb6603af0, 0x000001fbb660a0a0, 0x000001fbb708e930, 0x000001fbb7099e40,
0x000001fbb783a050, 0x000001fbb78bff90, 0x000001fbb7fc55c0, 0x000001fbb867c460,
0x000001fbb7574760, 0x000001fbb7ded700, 0x000001fbb7f2ed50, 0x000001fbb7c521a0,
0x000001fbb7c4fff0, 0x000001fbb7c52b40, 0x000001fbb7c51800, 0x000001fbb7c50e60,
0x000001fbb7c51cd0, 0x000001fbb7c4fb20, 0x000001fbb7c51330, 0x000001fbb7c504c0,
0x000001fbb7c50990, 0x000001fbb8b6a080, 0x000001fbb8b6a550, 0x000001fbb8b70f30,
0x000001fbb8b6df10, 0x000001fbb8b6d570, 0x000001fbb8b6e3e0, 0x000001fbb8b6aef0,
0x000001fbb8b6b3c0, 0x000001fbb8b70a60, 0x000001fbb8b6c230, 0x000001fbb8b6fbf0,
0x000001fbb8b718d0, 0x000001fbb8b70590, 0x000001fbb8b700c0, 0x000001fbb8b71400,
0x000001fbbab5b010, 0x000001fbbab5ab40, 0x000001fbbab5eea0, 0x000001fbbab5d690,
0x000001fbbab5c820, 0x000001fbbab5be80, 0x000001fbbab5b4e0, 0x000001fbbab5db60,
0x000001fbbab5f370, 0x000001fbbab5b9b0, 0x000001fbbab5f840, 0x000001fbbab62390,
0x000001fbbab601e0, 0x000001fbbab5c350, 0x000001fbbab5ccf0, 0x000001fbbab5e030,
0x000001fbbab619f0, 0x000001fbbab5fd10, 0x000001fbbab606b0, 0x000001fbbab60b80,
0x000001fbbab5e500, 0x000001fbbab61ec0, 0x000001fbbab5d1c0, 0x000001fbbab5e9d0,
0x000001fbbab61050, 0x000001fbbab61520, 0x000001fbbb60ce40
}

Java Threads: ( => current thread )
  0x000001fb984a4c50 JavaThread "main" [_thread_blocked, id=13492, stack(0x0000003217200000,0x0000003217300000)]
  0x000001fbb65e8210 JavaThread "Reference Handler" daemon [_thread_blocked, id=22052, stack(0x0000003217900000,0x0000003217a00000)]
  0x000001fbb65e8f90 JavaThread "Finalizer" daemon [_thread_blocked, id=18004, stack(0x0000003217a00000,0x0000003217b00000)]
  0x000001fbb65faf80 JavaThread "Signal Dispatcher" daemon [_thread_blocked, id=21008, stack(0x0000003217b00000,0x0000003217c00000)]
  0x000001fbb65fca50 JavaThread "Attach Listener" daemon [_thread_blocked, id=12496, stack(0x0000003217c00000,0x0000003217d00000)]
  0x000001fbb6600430 JavaThread "Service Thread" daemon [_thread_blocked, id=20672, stack(0x0000003217d00000,0x0000003217e00000)]
  0x000001fbb6600cf0 JavaThread "Monitor Deflation Thread" daemon [_thread_blocked, id=12768, stack(0x0000003217e00000,0x0000003217f00000)]
=>0x000001fbb6601990 JavaThread "C2 CompilerThread0" daemon [_thread_in_native, id=21596, stack(0x0000003217f00000,0x0000003218000000)]
  0x000001fbb6603af0 JavaThread "C1 CompilerThread0" daemon [_thread_blocked, id=7192, stack(0x0000003218000000,0x0000003218100000)]
  0x000001fbb660a0a0 JavaThread "Sweeper thread" daemon [_thread_blocked, id=22152, stack(0x0000003218100000,0x0000003218200000)]
  0x000001fbb708e930 JavaThread "Common-Cleaner" daemon [_thread_blocked, id=21328, stack(0x0000003218200000,0x0000003218300000)]
  0x000001fbb7099e40 JavaThread "Notification Thread" daemon [_thread_blocked, id=9328, stack(0x0000003218300000,0x0000003218400000)]
  0x000001fbb783a050 JavaThread "Daemon health stats" [_thread_blocked, id=16424, stack(0x0000003218900000,0x0000003218a00000)]
  0x000001fbb78bff90 JavaThread "Incoming local TCP Connector on port 61065" [_thread_in_native, id=22476, stack(0x0000003218a00000,0x0000003218b00000)]
  0x000001fbb7fc55c0 JavaThread "Daemon periodic checks" [_thread_blocked, id=12876, stack(0x0000003218b00000,0x0000003218c00000)]
  0x000001fbb867c460 JavaThread "Daemon" [_thread_blocked, id=8204, stack(0x0000003218c00000,0x0000003218d00000)]
  0x000001fbb7574760 JavaThread "Handler for socket connection from /127.0.0.1:61065 to /127.0.0.1:61066" [_thread_in_native, id=18704, stack(0x0000003218d00000,0x0000003218e00000)]
  0x000001fbb7ded700 JavaThread "Cancel handler" [_thread_blocked, id=13340, stack(0x0000003218e00000,0x0000003218f00000)]
  0x000001fbb7f2ed50 JavaThread "Daemon worker" [_thread_in_Java, id=16904, stack(0x0000003218f00000,0x0000003219000000)]
  0x000001fbb7c521a0 JavaThread "Asynchronous log dispatcher for DefaultDaemonConnection: socket connection from /127.0.0.1:61065 to /127.0.0.1:61066" [_thread_blocked, id=10972, stack(0x0000003219000000,0x0000003219100000)]
  0x000001fbb7c4fff0 JavaThread "Stdin handler" [_thread_blocked, id=11444, stack(0x0000003219100000,0x0000003219200000)]
  0x000001fbb7c52b40 JavaThread "Daemon client event forwarder" [_thread_blocked, id=4188, stack(0x0000003219200000,0x0000003219300000)]
  0x000001fbb7c51800 JavaThread "Cache worker for journal cache (C:\Users\HP 2\.gradle\caches\journal-1)" [_thread_blocked, id=20844, stack(0x0000003219300000,0x0000003219400000)]
  0x000001fbb7c50e60 JavaThread "File lock request listener" [_thread_in_native, id=22056, stack(0x0000003219400000,0x0000003219500000)]
  0x000001fbb7c51cd0 JavaThread "Cache worker for file hash cache (C:\Users\HP 2\.gradle\caches\8.0.1\fileHashes)" [_thread_blocked, id=15744, stack(0x0000003219800000,0x0000003219900000)]
  0x000001fbb7c4fb20 JavaThread "File watcher server" daemon [_thread_in_native, id=16676, stack(0x0000003219900000,0x0000003219a00000)]
  0x000001fbb7c51330 JavaThread "File watcher consumer" daemon [_thread_blocked, id=3960, stack(0x0000003219a00000,0x0000003219b00000)]
  0x000001fbb7c504c0 JavaThread "Cache worker for checksums cache (C:\awesome project\AwesomeProject\android\.gradle\8.0.1\checksums)" [_thread_blocked, id=18196, stack(0x0000003219b00000,0x0000003219c00000)]
  0x000001fbb7c50990 JavaThread "Cache worker for cache directory md-rule (C:\Users\HP 2\.gradle\caches\8.0.1\md-rule)" [_thread_blocked, id=20116, stack(0x0000003219c00000,0x0000003219d00000)]
  0x000001fbb8b6a080 JavaThread "Cache worker for file content cache (C:\Users\HP 2\.gradle\caches\8.0.1\fileContent)" [_thread_blocked, id=9776, stack(0x0000003219d00000,0x0000003219e00000)]
  0x000001fbb8b6a550 JavaThread "Cache worker for file hash cache (C:\awesome project\AwesomeProject\android\.gradle\8.0.1\fileHashes)" [_thread_blocked, id=8020, stack(0x0000003219e00000,0x0000003219f00000)]
  0x000001fbb8b70f30 JavaThread "Cache worker for cache directory md-supplier (C:\Users\HP 2\.gradle\caches\8.0.1\md-supplier)" [_thread_blocked, id=4132, stack(0x0000003219f00000,0x000000321a000000)]
  0x000001fbb8b6df10 JavaThread "Cache worker for execution history cache (C:\Users\HP 2\.gradle\caches\8.0.1\executionHistory)" [_thread_blocked, id=19508, stack(0x000000321a100000,0x000000321a200000)]
  0x000001fbb8b6d570 JavaThread "jar transforms" [_thread_blocked, id=17700, stack(0x000000321a200000,0x000000321a300000)]
  0x000001fbb8b6e3e0 JavaThread "jar transforms Thread 2" [_thread_blocked, id=17644, stack(0x000000321a300000,0x000000321a400000)]
  0x000001fbb8b6aef0 JavaThread "jar transforms Thread 3" [_thread_blocked, id=12688, stack(0x000000321a400000,0x000000321a500000)]
  0x000001fbb8b6b3c0 JavaThread "jar transforms Thread 4" [_thread_blocked, id=18572, stack(0x000000321a500000,0x000000321a600000)]
  0x000001fbb8b70a60 JavaThread "Cache worker for kotlin-dsl (C:\Users\HP 2\.gradle\caches\8.0.1\kotlin-dsl)" [_thread_blocked, id=16052, stack(0x000000321a700000,0x000000321a800000)]
  0x000001fbb8b6c230 JavaThread "jar transforms Thread 5" [_thread_blocked, id=10580, stack(0x000000321a800000,0x000000321a900000)]
  0x000001fbb8b6fbf0 JavaThread "jar transforms Thread 6" [_thread_blocked, id=7404, stack(0x000000321a900000,0x000000321aa00000)]
  0x000001fbb8b718d0 JavaThread "Cache worker for dependencies-accessors (C:\awesome project\AwesomeProject\android\.gradle\8.0.1\dependencies-accessors)" [_thread_blocked, id=18988, stack(0x000000321aa00000,0x000000321ab00000)]
  0x000001fbb8b70590 JavaThread "Cache worker for Build Output Cleanup Cache (C:\awesome project\AwesomeProject\node_modules\@react-native\gradle-plugin\.gradle\buildOutputCleanup)" [_thread_blocked, id=19828, stack(0x000000321ab00000,0x000000321ac00000)]
  0x000001fbb8b700c0 JavaThread "jar transforms Thread 7" [_thread_blocked, id=20004, stack(0x000000321ac00000,0x000000321ad00000)]
  0x000001fbb8b71400 JavaThread "Unconstrained build operations" [_thread_blocked, id=12052, stack(0x000000321ae00000,0x000000321af00000)]
  0x000001fbbab5b010 JavaThread "Unconstrained build operations Thread 2" [_thread_blocked, id=20288, stack(0x000000321af00000,0x000000321b000000)]
  0x000001fbbab5ab40 JavaThread "Unconstrained build operations Thread 3" [_thread_blocked, id=20664, stack(0x000000321b000000,0x000000321b100000)]
  0x000001fbbab5eea0 JavaThread "Unconstrained build operations Thread 4" [_thread_blocked, id=10488, stack(0x000000321b100000,0x000000321b200000)]
  0x000001fbbab5d690 JavaThread "Unconstrained build operations Thread 5" [_thread_blocked, id=19404, stack(0x000000321b200000,0x000000321b300000)]
  0x000001fbbab5c820 JavaThread "Unconstrained build operations Thread 6" [_thread_blocked, id=16980, stack(0x000000321b300000,0x000000321b400000)]
  0x000001fbbab5be80 JavaThread "Unconstrained build operations Thread 7" [_thread_blocked, id=13396, stack(0x000000321b400000,0x000000321b500000)]
  0x000001fbbab5b4e0 JavaThread "Unconstrained build operations Thread 8" [_thread_blocked, id=16888, stack(0x000000321b500000,0x000000321b600000)]
  0x000001fbbab5db60 JavaThread "Unconstrained build operations Thread 9" [_thread_blocked, id=9424, stack(0x000000321b600000,0x000000321b700000)]
  0x000001fbbab5f370 JavaThread "Unconstrained build operations Thread 10" [_thread_blocked, id=22396, stack(0x000000321b700000,0x000000321b800000)]
  0x000001fbbab5b9b0 JavaThread "Unconstrained build operations Thread 11" [_thread_blocked, id=8352, stack(0x000000321b800000,0x000000321b900000)]
  0x000001fbbab5f840 JavaThread "Unconstrained build operations Thread 12" [_thread_blocked, id=19840, stack(0x000000321b900000,0x000000321ba00000)]
  0x000001fbbab62390 JavaThread "Unconstrained build operations Thread 13" [_thread_blocked, id=21860, stack(0x000000321ba00000,0x000000321bb00000)]
  0x000001fbbab601e0 JavaThread "Unconstrained build operations Thread 14" [_thread_blocked, id=18508, stack(0x000000321bb00000,0x000000321bc00000)]
  0x000001fbbab5c350 JavaThread "Unconstrained build operations Thread 15" [_thread_blocked, id=8152, stack(0x000000321bc00000,0x000000321bd00000)]
  0x000001fbbab5ccf0 JavaThread "Unconstrained build operations Thread 16" [_thread_blocked, id=4880, stack(0x000000321bd00000,0x000000321be00000)]
  0x000001fbbab5e030 JavaThread "Unconstrained build operations Thread 17" [_thread_blocked, id=17708, stack(0x000000321be00000,0x000000321bf00000)]
  0x000001fbbab619f0 JavaThread "Unconstrained build operations Thread 18" [_thread_blocked, id=9024, stack(0x000000321bf00000,0x000000321c000000)]
  0x000001fbbab5fd10 JavaThread "Unconstrained build operations Thread 19" [_thread_blocked, id=22112, stack(0x000000321c000000,0x000000321c100000)]
  0x000001fbbab606b0 JavaThread "Unconstrained build operations Thread 20" [_thread_blocked, id=15160, stack(0x000000321c100000,0x000000321c200000)]
  0x000001fbbab60b80 JavaThread "Unconstrained build operations Thread 21" [_thread_blocked, id=22116, stack(0x000000321c200000,0x000000321c300000)]
  0x000001fbbab5e500 JavaThread "Unconstrained build operations Thread 22" [_thread_blocked, id=21824, stack(0x000000321c300000,0x000000321c400000)]
  0x000001fbbab61ec0 JavaThread "Unconstrained build operations Thread 23" [_thread_blocked, id=19196, stack(0x000000321c400000,0x000000321c500000)]
  0x000001fbbab5d1c0 JavaThread "Unconstrained build operations Thread 24" [_thread_blocked, id=16288, stack(0x000000321c500000,0x000000321c600000)]
  0x000001fbbab5e9d0 JavaThread "Unconstrained build operations Thread 25" [_thread_blocked, id=17424, stack(0x000000321c600000,0x000000321c700000)]
  0x000001fbbab61050 JavaThread "Unconstrained build operations Thread 26" [_thread_blocked, id=22104, stack(0x000000321c700000,0x000000321c800000)]
  0x000001fbbab61520 JavaThread "jar transforms Thread 8" [_thread_blocked, id=1396, stack(0x000000321c800000,0x000000321c900000)]
  0x000001fbbb60ce40 JavaThread "Memory manager" [_thread_blocked, id=16792, stack(0x000000321c900000,0x000000321ca00000)]

Other Threads:
  0x000001fbb65e26a0 VMThread "VM Thread" [stack: 0x0000003217800000,0x0000003217900000] [id=21644]
  0x000001fbb708c600 WatcherThread [stack: 0x0000003218400000,0x0000003218500000] [id=18248]
  0x000001fb984e4130 GCTaskThread "GC Thread#0" [stack: 0x0000003217300000,0x0000003217400000] [id=10888]
  0x000001fbb819f540 GCTaskThread "GC Thread#1" [stack: 0x0000003218500000,0x0000003218600000] [id=21364]
  0x000001fbb8093ec0 GCTaskThread "GC Thread#2" [stack: 0x0000003218600000,0x0000003218700000] [id=7700]
  0x000001fbb7cad7b0 GCTaskThread "GC Thread#3" [stack: 0x0000003218700000,0x0000003218800000] [id=19856]
  0x000001fbb7e76d90 GCTaskThread "GC Thread#4" [stack: 0x0000003218800000,0x0000003218900000] [id=19940]
  0x000001fbb8a53c40 GCTaskThread "GC Thread#5" [stack: 0x0000003219500000,0x0000003219600000] [id=14296]
  0x000001fbb9d7feb0 GCTaskThread "GC Thread#6" [stack: 0x0000003219600000,0x0000003219700000] [id=22180]
  0x000001fbb89bbc70 GCTaskThread "GC Thread#7" [stack: 0x0000003219700000,0x0000003219800000] [id=19140]
  0x000001fb984f4f80 ConcurrentGCThread "G1 Main Marker" [stack: 0x0000003217400000,0x0000003217500000] [id=15104]
  0x000001fb984f58a0 ConcurrentGCThread "G1 Conc#0" [stack: 0x0000003217500000,0x0000003217600000] [id=8800]
  0x000001fbba547840 ConcurrentGCThread "G1 Conc#1" [stack: 0x000000321a000000,0x000000321a100000] [id=2180]
  0x000001fb98567a80 ConcurrentGCThread "G1 Refine#0" [stack: 0x0000003217600000,0x0000003217700000] [id=15988]
  0x000001fb985683b0 ConcurrentGCThread "G1 Service" [stack: 0x0000003217700000,0x0000003217800000] [id=21780]

Threads with active compile tasks:
C2 CompilerThread0    55892 6748       4       java.net.URLClassLoader$1::run (5 bytes)
C1 CompilerThread0    55892 6802       3       org.gradle.internal.operations.DefaultBuildOperationExecutor$ListenerAdapter::stop (92 bytes)

VM state: not at safepoint (normal execution)

VM Mutex/Monitor currently owned by a thread: None

Heap address: 0x0000000080000000, size: 2048 MB, Compressed Oops mode: 32-bit

CDS archive(s) mapped at: [0x0000000800000000-0x0000000800bc0000-0x0000000800bc0000), size 12320768, SharedBaseAddress: 0x0000000800000000, ArchiveRelocationMode: 0.
Compressed class space mapped at: 0x0000000800c00000-0x000000081a800000, reserved size: 432013312
Narrow klass base: 0x0000000800000000, Narrow klass shift: 0, Narrow klass range: 0x100000000

GC Precious Log:
 CPUs: 8 total, 8 available
 Memory: 6058M
 Large Page Support: Disabled
 NUMA Support: Disabled
 Compressed Oops: Enabled (32-bit)
 Heap Region Size: 1M
 Heap Min Capacity: 8M
 Heap Initial Capacity: 96M
 Heap Max Capacity: 2G
 Pre-touch: Disabled
 Parallel Workers: 8
 Concurrent Workers: 2
 Concurrent Refinement Workers: 8
 Periodic GC: Disabled

Heap:
 garbage-first heap   total 94208K, used 62454K [0x0000000080000000, 0x0000000100000000)
  region size 1024K, 12 young (12288K), 3 survivors (3072K)
 Metaspace       used 61696K, committed 62336K, reserved 479232K
  class space    used 8465K, committed 8768K, reserved 421888K

Heap Regions: E=young(eden), S=young(survivor), O=old, HS=humongous(starts), HC=humongous(continues), CS=collection set, F=free, OA=open archive, CA=closed archive, TAMS=top-at-mark-start (previous, next)
|   0|0x0000000080000000, 0x0000000080100000, 0x0000000080100000|100%|HS|  |TAMS 0x0000000080100000, 0x0000000080000000| Complete 
|   1|0x0000000080100000, 0x0000000080200000, 0x0000000080200000|100%|HC|  |TAMS 0x0000000080200000, 0x0000000080100000| Complete 
|   2|0x0000000080200000, 0x0000000080300000, 0x0000000080300000|100%|HC|  |TAMS 0x0000000080300000, 0x0000000080200000| Complete 
|   3|0x0000000080300000, 0x0000000080400000, 0x0000000080400000|100%|HC|  |TAMS 0x0000000080400000, 0x0000000080300000| Complete 
|   4|0x0000000080400000, 0x0000000080500000, 0x0000000080500000|100%| O|  |TAMS 0x0000000080500000, 0x0000000080400000| Untracked 
|   5|0x0000000080500000, 0x0000000080600000, 0x0000000080600000|100%| O|  |TAMS 0x0000000080600000, 0x0000000080500000| Untracked 
|   6|0x0000000080600000, 0x0000000080700000, 0x0000000080700000|100%| O|  |TAMS 0x0000000080700000, 0x0000000080600000| Untracked 
|   7|0x0000000080700000, 0x0000000080800000, 0x0000000080800000|100%| O|  |TAMS 0x0000000080800000, 0x0000000080700000| Untracked 
|   8|0x0000000080800000, 0x0000000080900000, 0x0000000080900000|100%| O|  |TAMS 0x0000000080900000, 0x0000000080800000| Untracked 
|   9|0x0000000080900000, 0x0000000080a00000, 0x0000000080a00000|100%| O|  |TAMS 0x0000000080a00000, 0x0000000080900000| Untracked 
|  10|0x0000000080a00000, 0x0000000080b00000, 0x0000000080b00000|100%| O|  |TAMS 0x0000000080b00000, 0x0000000080a00000| Untracked 
|  11|0x0000000080b00000, 0x0000000080c00000, 0x0000000080c00000|100%| O|  |TAMS 0x0000000080c00000, 0x0000000080b00000| Untracked 
|  12|0x0000000080c00000, 0x0000000080d00000, 0x0000000080d00000|100%| O|  |TAMS 0x0000000080d00000, 0x0000000080c00000| Untracked 
|  13|0x0000000080d00000, 0x0000000080e00000, 0x0000000080e00000|100%| O|  |TAMS 0x0000000080e00000, 0x0000000080d00000| Untracked 
|  14|0x0000000080e00000, 0x0000000080f00000, 0x0000000080f00000|100%| O|  |TAMS 0x0000000080f00000, 0x0000000080e00000| Untracked 
|  15|0x0000000080f00000, 0x0000000081000000, 0x0000000081000000|100%| O|  |TAMS 0x0000000081000000, 0x0000000080f00000| Untracked 
|  16|0x0000000081000000, 0x0000000081100000, 0x0000000081100000|100%| O|  |TAMS 0x0000000081100000, 0x0000000081000000| Untracked 
|  17|0x0000000081100000, 0x0000000081200000, 0x0000000081200000|100%| O|  |TAMS 0x0000000081200000, 0x0000000081100000| Untracked 
|  18|0x0000000081200000, 0x0000000081300000, 0x0000000081300000|100%| O|  |TAMS 0x0000000081300000, 0x0000000081200000| Untracked 
|  19|0x0000000081300000, 0x0000000081400000, 0x0000000081400000|100%| O|  |TAMS 0x0000000081400000, 0x0000000081300000| Untracked 
|  20|0x0000000081400000, 0x0000000081500000, 0x0000000081500000|100%| O|  |TAMS 0x0000000081500000, 0x0000000081400000| Untracked 
|  21|0x0000000081500000, 0x0000000081600000, 0x0000000081600000|100%| O|  |TAMS 0x0000000081600000, 0x0000000081500000| Untracked 
|  22|0x0000000081600000, 0x0000000081700000, 0x0000000081700000|100%| O|  |TAMS 0x0000000081700000, 0x0000000081600000| Untracked 
|  23|0x0000000081700000, 0x0000000081800000, 0x0000000081800000|100%| O|  |TAMS 0x0000000081800000, 0x0000000081700000| Untracked 
|  24|0x0000000081800000, 0x0000000081900000, 0x0000000081900000|100%| O|  |TAMS 0x0000000081900000, 0x0000000081800000| Untracked 
|  25|0x0000000081900000, 0x0000000081a00000, 0x0000000081a00000|100%| O|  |TAMS 0x0000000081a00000, 0x0000000081900000| Untracked 
|  26|0x0000000081a00000, 0x0000000081b00000, 0x0000000081b00000|100%| O|  |TAMS 0x0000000081b00000, 0x0000000081a00000| Untracked 
|  27|0x0000000081b00000, 0x0000000081c00000, 0x0000000081c00000|100%| O|  |TAMS 0x0000000081c00000, 0x0000000081b00000| Untracked 
|  28|0x0000000081c00000, 0x0000000081d00000, 0x0000000081d00000|100%| O|  |TAMS 0x0000000081d00000, 0x0000000081c00000| Untracked 
|  29|0x0000000081d00000, 0x0000000081e00000, 0x0000000081e00000|100%| O|  |TAMS 0x0000000081e00000, 0x0000000081d00000| Untracked 
|  30|0x0000000081e00000, 0x0000000081f00000, 0x0000000081f00000|100%| O|  |TAMS 0x0000000081f00000, 0x0000000081e00000| Untracked 
|  31|0x0000000081f00000, 0x0000000082000000, 0x0000000082000000|100%| O|  |TAMS 0x0000000082000000, 0x0000000081f00000| Untracked 
|  32|0x0000000082000000, 0x0000000082100000, 0x0000000082100000|100%|HS|  |TAMS 0x0000000082100000, 0x0000000082000000| Complete 
|  33|0x0000000082100000, 0x0000000082200000, 0x0000000082200000|100%|HC|  |TAMS 0x0000000082200000, 0x0000000082100000| Complete 
|  34|0x0000000082200000, 0x0000000082300000, 0x0000000082300000|100%| O|  |TAMS 0x0000000082300000, 0x0000000082200000| Untracked 
|  35|0x0000000082300000, 0x0000000082400000, 0x0000000082400000|100%| O|  |TAMS 0x0000000082400000, 0x0000000082300000| Untracked 
|  36|0x0000000082400000, 0x0000000082500000, 0x0000000082500000|100%| O|  |TAMS 0x0000000082500000, 0x0000000082400000| Untracked 
|  37|0x0000000082500000, 0x0000000082600000, 0x0000000082600000|100%| O|  |TAMS 0x0000000082600000, 0x0000000082500000| Untracked 
|  38|0x0000000082600000, 0x0000000082700000, 0x0000000082700000|100%| O|  |TAMS 0x0000000082700000, 0x0000000082600000| Untracked 
|  39|0x0000000082700000, 0x0000000082800000, 0x0000000082800000|100%|HS|  |TAMS 0x0000000082800000, 0x0000000082700000| Complete 
|  40|0x0000000082800000, 0x0000000082900000, 0x0000000082900000|100%|HC|  |TAMS 0x0000000082900000, 0x0000000082800000| Complete 
|  41|0x0000000082900000, 0x0000000082a00000, 0x0000000082a00000|100%|HC|  |TAMS 0x0000000082a00000, 0x0000000082900000| Complete 
|  42|0x0000000082a00000, 0x0000000082b00000, 0x0000000082b00000|100%|HC|  |TAMS 0x0000000082b00000, 0x0000000082a00000| Complete 
|  43|0x0000000082b00000, 0x0000000082c00000, 0x0000000082c00000|100%| O|  |TAMS 0x0000000082c00000, 0x0000000082b00000| Untracked 
|  44|0x0000000082c00000, 0x0000000082d00000, 0x0000000082d00000|100%| O|  |TAMS 0x0000000082d00000, 0x0000000082c00000| Untracked 
|  45|0x0000000082d00000, 0x0000000082e00000, 0x0000000082e00000|100%| O|  |TAMS 0x0000000082e00000, 0x0000000082d00000| Untracked 
|  46|0x0000000082e00000, 0x0000000082f00000, 0x0000000082f00000|100%| O|  |TAMS 0x0000000082f00000, 0x0000000082e00000| Untracked 
|  47|0x0000000082f00000, 0x0000000083000000, 0x0000000083000000|100%| O|  |TAMS 0x0000000083000000, 0x0000000082f00000| Untracked 
|  48|0x0000000083000000, 0x0000000083100000, 0x0000000083100000|100%| O|  |TAMS 0x0000000083000000, 0x0000000083000000| Untracked 
|  49|0x0000000083100000, 0x0000000083200000, 0x0000000083200000|100%| O|  |TAMS 0x0000000083100000, 0x0000000083100000| Untracked 
|  50|0x0000000083200000, 0x0000000083217a00, 0x0000000083300000|  9%| O|  |TAMS 0x0000000083200000, 0x0000000083200000| Untracked 
|  51|0x0000000083300000, 0x0000000083300000, 0x0000000083400000|  0%| F|  |TAMS 0x0000000083300000, 0x0000000083300000| Untracked 
|  52|0x0000000083400000, 0x0000000083400000, 0x0000000083500000|  0%| F|  |TAMS 0x0000000083400000, 0x0000000083400000| Untracked 
|  53|0x0000000083500000, 0x0000000083500000, 0x0000000083600000|  0%| F|  |TAMS 0x0000000083500000, 0x0000000083500000| Untracked 
|  54|0x0000000083600000, 0x0000000083600000, 0x0000000083700000|  0%| F|  |TAMS 0x0000000083600000, 0x0000000083600000| Untracked 
|  55|0x0000000083700000, 0x0000000083700000, 0x0000000083800000|  0%| F|  |TAMS 0x0000000083700000, 0x0000000083700000| Untracked 
|  56|0x0000000083800000, 0x0000000083800000, 0x0000000083900000|  0%| F|  |TAMS 0x0000000083800000, 0x0000000083800000| Untracked 
|  57|0x0000000083900000, 0x0000000083900000, 0x0000000083a00000|  0%| F|  |TAMS 0x0000000083900000, 0x0000000083900000| Untracked 
|  58|0x0000000083a00000, 0x0000000083a00000, 0x0000000083b00000|  0%| F|  |TAMS 0x0000000083a00000, 0x0000000083a00000| Untracked 
|  59|0x0000000083b00000, 0x0000000083b00000, 0x0000000083c00000|  0%| F|  |TAMS 0x0000000083b00000, 0x0000000083b00000| Untracked 
|  60|0x0000000083c00000, 0x0000000083c00000, 0x0000000083d00000|  0%| F|  |TAMS 0x0000000083c00000, 0x0000000083c00000| Untracked 
|  61|0x0000000083d00000, 0x0000000083d00000, 0x0000000083e00000|  0%| F|  |TAMS 0x0000000083d00000, 0x0000000083d00000| Untracked 
|  62|0x0000000083e00000, 0x0000000083e00000, 0x0000000083f00000|  0%| F|  |TAMS 0x0000000083e00000, 0x0000000083e00000| Untracked 
|  63|0x0000000083f00000, 0x0000000083f00000, 0x0000000084000000|  0%| F|  |TAMS 0x0000000083f00000, 0x0000000083f00000| Untracked 
|  64|0x0000000084000000, 0x0000000084000000, 0x0000000084100000|  0%| F|  |TAMS 0x0000000084000000, 0x0000000084000000| Untracked 
|  65|0x0000000084100000, 0x0000000084100000, 0x0000000084200000|  0%| F|  |TAMS 0x0000000084100000, 0x0000000084100000| Untracked 
|  66|0x0000000084200000, 0x0000000084200000, 0x0000000084300000|  0%| F|  |TAMS 0x0000000084200000, 0x0000000084200000| Untracked 
|  67|0x0000000084300000, 0x0000000084300000, 0x0000000084400000|  0%| F|  |TAMS 0x0000000084300000, 0x0000000084300000| Untracked 
|  68|0x0000000084400000, 0x0000000084400000, 0x0000000084500000|  0%| F|  |TAMS 0x0000000084400000, 0x0000000084400000| Untracked 
|  69|0x0000000084500000, 0x00000000845e6090, 0x0000000084600000| 89%| S|CS|TAMS 0x0000000084500000, 0x0000000084500000| Complete 
|  70|0x0000000084600000, 0x0000000084700000, 0x0000000084700000|100%| S|CS|TAMS 0x0000000084600000, 0x0000000084600000| Complete 
|  71|0x0000000084700000, 0x0000000084800000, 0x0000000084800000|100%| S|CS|TAMS 0x0000000084700000, 0x0000000084700000| Complete 
|  72|0x0000000084800000, 0x0000000084800000, 0x0000000084900000|  0%| F|  |TAMS 0x0000000084800000, 0x0000000084800000| Untracked 
|  73|0x0000000084900000, 0x0000000084900000, 0x0000000084a00000|  0%| F|  |TAMS 0x0000000084900000, 0x0000000084900000| Untracked 
|  74|0x0000000084a00000, 0x0000000084a00000, 0x0000000084b00000|  0%| F|  |TAMS 0x0000000084a00000, 0x0000000084a00000| Untracked 
|  75|0x0000000084b00000, 0x0000000084b00000, 0x0000000084c00000|  0%| F|  |TAMS 0x0000000084b00000, 0x0000000084b00000| Untracked 
|  76|0x0000000084c00000, 0x0000000084c00000, 0x0000000084d00000|  0%| F|  |TAMS 0x0000000084c00000, 0x0000000084c00000| Untracked 
|  77|0x0000000084d00000, 0x0000000084d00000, 0x0000000084e00000|  0%| F|  |TAMS 0x0000000084d00000, 0x0000000084d00000| Untracked 
|  78|0x0000000084e00000, 0x0000000084e00000, 0x0000000084f00000|  0%| F|  |TAMS 0x0000000084e00000, 0x0000000084e00000| Untracked 
|  79|0x0000000084f00000, 0x0000000084f00000, 0x0000000085000000|  0%| F|  |TAMS 0x0000000084f00000, 0x0000000084f00000| Untracked 
|  80|0x0000000085000000, 0x0000000085000000, 0x0000000085100000|  0%| F|  |TAMS 0x0000000085000000, 0x0000000085000000| Untracked 
|  81|0x0000000085100000, 0x0000000085100000, 0x0000000085200000|  0%| F|  |TAMS 0x0000000085100000, 0x0000000085100000| Untracked 
|  82|0x0000000085200000, 0x0000000085200000, 0x0000000085300000|  0%| F|  |TAMS 0x0000000085200000, 0x0000000085200000| Untracked 
|  83|0x0000000085300000, 0x00000000853c7f28, 0x0000000085400000| 78%| E|  |TAMS 0x0000000085300000, 0x0000000085300000| Complete 
|  84|0x0000000085400000, 0x0000000085500000, 0x0000000085500000|100%| E|CS|TAMS 0x0000000085400000, 0x0000000085400000| Complete 
|  85|0x0000000085500000, 0x0000000085600000, 0x0000000085600000|100%| E|CS|TAMS 0x0000000085500000, 0x0000000085500000| Complete 
|  86|0x0000000085600000, 0x0000000085700000, 0x0000000085700000|100%| E|CS|TAMS 0x0000000085600000, 0x0000000085600000| Complete 
|  87|0x0000000085700000, 0x0000000085800000, 0x0000000085800000|100%| E|CS|TAMS 0x0000000085700000, 0x0000000085700000| Complete 
|  88|0x0000000085800000, 0x0000000085900000, 0x0000000085900000|100%| E|CS|TAMS 0x0000000085800000, 0x0000000085800000| Complete 
|  89|0x0000000085900000, 0x0000000085a00000, 0x0000000085a00000|100%| E|CS|TAMS 0x0000000085900000, 0x0000000085900000| Complete 
|  94|0x0000000085e00000, 0x0000000085f00000, 0x0000000085f00000|100%| E|CS|TAMS 0x0000000085e00000, 0x0000000085e00000| Complete 
|  95|0x0000000085f00000, 0x0000000086000000, 0x0000000086000000|100%| E|CS|TAMS 0x0000000085f00000, 0x0000000085f00000| Complete 

Card table byte_map: [0x000001fbaf430000,0x000001fbaf830000] _byte_map_base: 0x000001fbaf030000

Marking Bits (Prev, Next): (CMBitMap*) 0x000001fb984e4690, (CMBitMap*) 0x000001fb984e4650
 Prev Bits: [0x000001fbb1c30000, 0x000001fbb3c30000)
 Next Bits: [0x000001fbafc30000, 0x000001fbb1c30000)

Polling page: 0x000001fb97c80000

Metaspace:

Usage:
  Non-class:     51.98 MB used.
      Class:      8.27 MB used.
       Both:     60.25 MB used.

Virtual space:
  Non-class space:       56.00 MB reserved,      52.31 MB ( 93%) committed,  7 nodes.
      Class space:      412.00 MB reserved,       8.56 MB (  2%) committed,  1 nodes.
             Both:      468.00 MB reserved,      60.88 MB ( 13%) committed. 

Chunk freelists:
   Non-Class:  3.31 MB
       Class:  3.48 MB
        Both:  6.79 MB

MaxMetaspaceSize: 512.00 MB
CompressedClassSpaceSize: 412.00 MB
Initial GC threshold: 21.00 MB
Current GC threshold: 97.62 MB
CDS: on
MetaspaceReclaimPolicy: balanced
 - commit_granule_bytes: 65536.
 - commit_granule_words: 8192.
 - virtual_space_node_default_size: 1048576.
 - enlarge_chunks_in_place: 1.
 - new_chunks_are_fully_committed: 0.
 - uncommit_free_chunks: 1.
 - use_allocation_guard: 0.
 - handle_deallocations: 1.


Internal statistics:

num_allocs_failed_limit: 6.
num_arena_births: 700.
num_arena_deaths: 0.
num_vsnodes_births: 8.
num_vsnodes_deaths: 0.
num_space_committed: 974.
num_space_uncommitted: 0.
num_chunks_returned_to_freelist: 6.
num_chunks_taken_from_freelist: 2961.
num_chunk_merges: 6.
num_chunk_splits: 2007.
num_chunks_enlarged: 1362.
num_purges: 0.
num_inconsistent_stats: 0.

CodeHeap 'non-profiled nmethods': size=120000Kb used=2972Kb max_used=3108Kb free=117027Kb
 bounds [0x000001fba77d0000, 0x000001fba7ae0000, 0x000001fbaed00000]
CodeHeap 'profiled nmethods': size=120000Kb used=11924Kb max_used=11924Kb free=108075Kb
 bounds [0x000001fba02a0000, 0x000001fba0e50000, 0x000001fba77d0000]
CodeHeap 'non-nmethods': size=5760Kb used=2397Kb max_used=2423Kb free=3362Kb
 bounds [0x000001fb9fd00000, 0x000001fb9ff70000, 0x000001fba02a0000]
 total_blobs=6836 nmethods=5911 adapters=837
 compilation: enabled
              stopped_count=0, restarted_count=0
 full_count=0

Compilation events (20 events):
Event: 55.742 Thread 0x000001fbb6603af0 nmethod 6774 0x000001fba0e37a90 code [0x000001fba0e37c40, 0x000001fba0e37d88]
Event: 55.742 Thread 0x000001fbb6603af0 6775       3       org.gradle.internal.instantiation.generator.AsmBackedClassGenerator$ClassBuilderImpl::lambda$addSetter$10 (12 bytes)
Event: 55.743 Thread 0x000001fbb6603af0 nmethod 6775 0x000001fba0e37e90 code [0x000001fba0e38080, 0x000001fba0e387a8]
Event: 55.743 Thread 0x000001fbb6603af0 6776       3       org.gradle.internal.instantiation.generator.AsmBackedClassGenerator$ClassBuilderImpl$11::<init> (28 bytes)
Event: 55.743 Thread 0x000001fbb6603af0 nmethod 6776 0x000001fba0e38a10 code [0x000001fba0e38c00, 0x000001fba0e39268]
Event: 55.779 Thread 0x000001fbb6603af0 6778       3       org.gradle.api.internal.project.taskfactory.DefaultTaskClassInfoStore::createTaskAction (187 bytes)
Event: 55.783 Thread 0x000001fbb6603af0 nmethod 6778 0x000001fba0e39490 code [0x000001fba0e39a40, 0x000001fba0e3cf28]
Event: 55.783 Thread 0x000001fbb6603af0 6780       3       org.gradle.internal.operations.DefaultBuildOperationListenerManager$ProgressShieldingBuildOperationListener::started (29 bytes)
Event: 55.784 Thread 0x000001fbb6603af0 nmethod 6780 0x000001fba0e3de90 code [0x000001fba0e3e040, 0x000001fba0e3e338]
Event: 55.784 Thread 0x000001fbb6603af0 6779       1       org.gradle.api.specs.Specs$1::isSatisfiedBy (2 bytes)
Event: 55.784 Thread 0x000001fbb6603af0 nmethod 6779 0x000001fba7917710 code [0x000001fba79178a0, 0x000001fba7917978]
Event: 55.785 Thread 0x000001fbb6603af0 6781       1       org.gradle.internal.metaobject.BeanDynamicObject::access$300 (5 bytes)
Event: 55.786 Thread 0x000001fbb6603af0 nmethod 6781 0x000001fba7917410 code [0x000001fba79175a0, 0x000001fba7917658]
Event: 55.792 Thread 0x000001fbb6603af0 6782       1       sun.reflect.generics.tree.ClassSignature::getSuperInterfaces (5 bytes)
Event: 55.793 Thread 0x000001fbb6603af0 nmethod 6782 0x000001fba7917110 code [0x000001fba79172a0, 0x000001fba7917378]
Event: 55.796 Thread 0x000001fbb6603af0 6783       3       jdk.internal.reflect.AccessorGenerator::add (5 bytes)
Event: 55.796 Thread 0x000001fbb6603af0 nmethod 6783 0x000001fba0e3e490 code [0x000001fba0e3e620, 0x000001fba0e3e718]
Event: 55.816 Thread 0x000001fbb6603af0 6784       3       org.gradle.internal.instantiation.generator.AsmBackedClassGenerator$ClassBuilderImpl::addSetter (9 bytes)
Event: 55.816 Thread 0x000001fbb6603af0 nmethod 6784 0x000001fba0e3e790 code [0x000001fba0e3e940, 0x000001fba0e3ea88]
Event: 55.816 Thread 0x000001fbb6603af0 6785       1       org.gradle.api.internal.tasks.properties.annotations.OutputPropertyRoleAnnotationHandler::getAnnotationTypes (5 bytes)

GC Heap History (20 events):
Event: 42.884 GC heap before
{Heap before GC invocations=9 (full 0):
 garbage-first heap   total 86016K, used 63824K [0x0000000080000000, 0x0000000100000000)
  region size 1024K, 36 young (36864K), 4 survivors (4096K)
 Metaspace       used 34815K, committed 35264K, reserved 454656K
  class space    used 4721K, committed 4928K, reserved 421888K
}
Event: 42.894 GC heap after
{Heap after GC invocations=10 (full 0):
 garbage-first heap   total 86016K, used 33481K [0x0000000080000000, 0x0000000100000000)
  region size 1024K, 3 young (3072K), 3 survivors (3072K)
 Metaspace       used 34815K, committed 35264K, reserved 454656K
  class space    used 4721K, committed 4928K, reserved 421888K
}
Event: 43.455 GC heap before
{Heap before GC invocations=10 (full 0):
 garbage-first heap   total 86016K, used 40649K [0x0000000080000000, 0x0000000100000000)
  region size 1024K, 11 young (11264K), 3 survivors (3072K)
 Metaspace       used 35729K, committed 36160K, reserved 454656K
  class space    used 4882K, committed 5056K, reserved 421888K
}
Event: 43.461 GC heap after
{Heap after GC invocations=11 (full 0):
 garbage-first heap   total 86016K, used 33897K [0x0000000080000000, 0x0000000100000000)
  region size 1024K, 3 young (3072K), 3 survivors (3072K)
 Metaspace       used 35729K, committed 36160K, reserved 454656K
  class space    used 4882K, committed 5056K, reserved 421888K
}
Event: 45.344 GC heap before
{Heap before GC invocations=12 (full 0):
 garbage-first heap   total 86016K, used 65641K [0x0000000080000000, 0x0000000100000000)
  region size 1024K, 34 young (34816K), 3 survivors (3072K)
 Metaspace       used 39512K, committed 40064K, reserved 462848K
  class space    used 5507K, committed 5760K, reserved 421888K
}
Event: 45.354 GC heap after
{Heap after GC invocations=13 (full 0):
 garbage-first heap   total 86016K, used 35661K [0x0000000080000000, 0x0000000100000000)
  region size 1024K, 3 young (3072K), 3 survivors (3072K)
 Metaspace       used 39512K, committed 40064K, reserved 462848K
  class space    used 5507K, committed 5760K, reserved 421888K
}
Event: 47.701 GC heap before
{Heap before GC invocations=13 (full 0):
 garbage-first heap   total 86016K, used 66381K [0x0000000080000000, 0x0000000100000000)
  region size 1024K, 33 young (33792K), 3 survivors (3072K)
 Metaspace       used 45223K, committed 45760K, reserved 462848K
  class space    used 6210K, committed 6464K, reserved 421888K
}
Event: 47.709 GC heap after
{Heap after GC invocations=14 (full 0):
 garbage-first heap   total 86016K, used 38094K [0x0000000080000000, 0x0000000100000000)
  region size 1024K, 5 young (5120K), 5 survivors (5120K)
 Metaspace       used 45223K, committed 45760K, reserved 462848K
  class space    used 6210K, committed 6464K, reserved 421888K
}
Event: 49.791 GC heap before
{Heap before GC invocations=14 (full 0):
 garbage-first heap   total 86016K, used 58574K [0x0000000080000000, 0x0000000100000000)
  region size 1024K, 24 young (24576K), 5 survivors (5120K)
 Metaspace       used 48675K, committed 49280K, reserved 471040K
  class space    used 6676K, committed 6976K, reserved 421888K
}
Event: 49.811 GC heap after
{Heap after GC invocations=15 (full 0):
 garbage-first heap   total 86016K, used 42474K [0x0000000080000000, 0x0000000100000000)
  region size 1024K, 3 young (3072K), 3 survivors (3072K)
 Metaspace       used 48675K, committed 49280K, reserved 471040K
  class space    used 6676K, committed 6976K, reserved 421888K
}
Event: 51.175 GC heap before
{Heap before GC invocations=16 (full 0):
 garbage-first heap   total 86016K, used 71146K [0x0000000080000000, 0x0000000100000000)
  region size 1024K, 27 young (27648K), 3 survivors (3072K)
 Metaspace       used 52218K, committed 52800K, reserved 471040K
  class space    used 7151K, committed 7424K, reserved 421888K
}
Event: 51.183 GC heap after
{Heap after GC invocations=17 (full 0):
 garbage-first heap   total 86016K, used 49068K [0x0000000080000000, 0x0000000100000000)
  region size 1024K, 3 young (3072K), 3 survivors (3072K)
 Metaspace       used 52218K, committed 52800K, reserved 471040K
  class space    used 7151K, committed 7424K, reserved 421888K
}
Event: 52.283 GC heap before
{Heap before GC invocations=17 (full 0):
 garbage-first heap   total 86016K, used 68524K [0x0000000080000000, 0x0000000100000000)
  region size 1024K, 22 young (22528K), 3 survivors (3072K)
 Metaspace       used 54263K, committed 54848K, reserved 471040K
  class space    used 7479K, committed 7744K, reserved 421888K
}
Event: 52.288 GC heap after
{Heap after GC invocations=18 (full 0):
 garbage-first heap   total 86016K, used 50227K [0x0000000080000000, 0x0000000100000000)
  region size 1024K, 2 young (2048K), 2 survivors (2048K)
 Metaspace       used 54263K, committed 54848K, reserved 471040K
  class space    used 7479K, committed 7744K, reserved 421888K
}
Event: 53.414 GC heap before
{Heap before GC invocations=19 (full 0):
 garbage-first heap   total 89088K, used 69683K [0x0000000080000000, 0x0000000100000000)
  region size 1024K, 21 young (21504K), 2 survivors (2048K)
 Metaspace       used 56246K, committed 56896K, reserved 479232K
  class space    used 7764K, committed 8064K, reserved 421888K
}
Event: 53.419 GC heap after
{Heap after GC invocations=20 (full 0):
 garbage-first heap   total 89088K, used 51288K [0x0000000080000000, 0x0000000100000000)
  region size 1024K, 3 young (3072K), 3 survivors (3072K)
 Metaspace       used 56246K, committed 56896K, reserved 479232K
  class space    used 7764K, committed 8064K, reserved 421888K
}
Event: 54.337 GC heap before
{Heap before GC invocations=20 (full 0):
 garbage-first heap   total 89088K, used 72792K [0x0000000080000000, 0x0000000100000000)
  region size 1024K, 24 young (24576K), 3 survivors (3072K)
 Metaspace       used 59048K, committed 59648K, reserved 479232K
  class space    used 8122K, committed 8384K, reserved 421888K
}
Event: 54.342 GC heap after
{Heap after GC invocations=21 (full 0):
 garbage-first heap   total 89088K, used 52631K [0x0000000080000000, 0x0000000100000000)
  region size 1024K, 3 young (3072K), 3 survivors (3072K)
 Metaspace       used 59048K, committed 59648K, reserved 479232K
  class space    used 8122K, committed 8384K, reserved 421888K
}
Event: 55.415 GC heap before
{Heap before GC invocations=22 (full 0):
 garbage-first heap   total 94208K, used 72087K [0x0000000080000000, 0x0000000100000000)
  region size 1024K, 23 young (23552K), 3 survivors (3072K)
 Metaspace       used 60768K, committed 61376K, reserved 479232K
  class space    used 8330K, committed 8640K, reserved 421888K
}
Event: 55.422 GC heap after
{Heap after GC invocations=23 (full 0):
 garbage-first heap   total 94208K, used 54262K [0x0000000080000000, 0x0000000100000000)
  region size 1024K, 3 young (3072K), 3 survivors (3072K)
 Metaspace       used 60768K, committed 61376K, reserved 479232K
  class space    used 8330K, committed 8640K, reserved 421888K
}

Deoptimization events (20 events):
Event: 55.376 Thread 0x000001fbb7f2ed50 Uncommon trap: trap_request=0xffffffde fr.pc=0x000001fba7aaf130 relative=0x0000000000005710
Event: 55.376 Thread 0x000001fbb7f2ed50 Uncommon trap: reason=class_check action=maybe_recompile pc=0x000001fba7aaf130 method=jdk.internal.loader.URLClassPath.getLoader(I)Ljdk/internal/loader/URLClassPath$Loader; @ 190 c2
Event: 55.376 Thread 0x000001fbb7f2ed50 DEOPT PACKING pc=0x000001fba7aaf130 sp=0x0000003218ff79b0
Event: 55.376 Thread 0x000001fbb7f2ed50 DEOPT UNPACKING pc=0x000001fb9fd523a3 sp=0x0000003218ff79c0 mode 2
Event: 55.376 Thread 0x000001fbb7f2ed50 Uncommon trap: trap_request=0xffffffde fr.pc=0x000001fba798ab1c relative=0x00000000000004fc
Event: 55.376 Thread 0x000001fbb7f2ed50 Uncommon trap: reason=class_check action=maybe_recompile pc=0x000001fba798ab1c method=jdk.internal.loader.URLClassPath.getResource(Ljava/lang/String;Z)Ljdk/internal/loader/Resource; @ 53 c2
Event: 55.376 Thread 0x000001fbb7f2ed50 DEOPT PACKING pc=0x000001fba798ab1c sp=0x0000003218ff7a90
Event: 55.376 Thread 0x000001fbb7f2ed50 DEOPT UNPACKING pc=0x000001fb9fd523a3 sp=0x0000003218ff7a50 mode 2
Event: 55.378 Thread 0x000001fbb7f2ed50 Uncommon trap: trap_request=0xffffffde fr.pc=0x000001fba79bf220 relative=0x00000000000051a0
Event: 55.378 Thread 0x000001fbb7f2ed50 Uncommon trap: reason=class_check action=maybe_recompile pc=0x000001fba79bf220 method=java.net.URLClassLoader.defineClass(Ljava/lang/String;Ljdk/internal/loader/Resource;)Ljava/lang/Class; @ 13 c2
Event: 55.378 Thread 0x000001fbb7f2ed50 DEOPT PACKING pc=0x000001fba79bf220 sp=0x0000003218ff7b20
Event: 55.378 Thread 0x000001fbb7f2ed50 DEOPT UNPACKING pc=0x000001fb9fd523a3 sp=0x0000003218ff7a60 mode 2
Event: 55.378 Thread 0x000001fbb7f2ed50 Uncommon trap: trap_request=0xffffffde fr.pc=0x000001fba7a71bd8 relative=0x00000000000002b8
Event: 55.378 Thread 0x000001fbb7f2ed50 Uncommon trap: reason=class_check action=maybe_recompile pc=0x000001fba7a71bd8 method=jdk.internal.loader.Resource.cachedInputStream()Ljava/io/InputStream; @ 9 c2
Event: 55.378 Thread 0x000001fbb7f2ed50 DEOPT PACKING pc=0x000001fba7a71bd8 sp=0x0000003218ff7a20
Event: 55.378 Thread 0x000001fbb7f2ed50 DEOPT UNPACKING pc=0x000001fb9fd523a3 sp=0x0000003218ff7970 mode 2
Event: 55.379 Thread 0x000001fbb7f2ed50 Uncommon trap: trap_request=0xffffffde fr.pc=0x000001fba7801538 relative=0x0000000000000cd8
Event: 55.379 Thread 0x000001fbb7f2ed50 Uncommon trap: reason=class_check action=maybe_recompile pc=0x000001fba7801538 method=jdk.internal.loader.Resource.getBytes()[B @ 10 c2
Event: 55.379 Thread 0x000001fbb7f2ed50 DEOPT PACKING pc=0x000001fba7801538 sp=0x0000003218ff79f0
Event: 55.379 Thread 0x000001fbb7f2ed50 DEOPT UNPACKING pc=0x000001fb9fd523a3 sp=0x0000003218ff79a0 mode 2

Classes unloaded (0 events):
No events

Classes redefined (0 events):
No events

Internal exceptions (20 events):
Event: 52.376 Thread 0x000001fbb7f2ed50 Exception <a 'java/lang/ClassNotFoundException'{0x0000000085edf248}: org/gradle/api/plugins/internal/DefaultBasePluginConvention_DecoratedCustomizer> (0x0000000085edf248) 
thrown [t:\workspace\open\src\hotspot\share\classfile\systemDictionary.cpp, line 256]
Event: 52.390 Thread 0x000001fbb7f2ed50 Exception <a 'java/lang/ClassNotFoundException'{0x0000000085652aa8}: org/gradle/api/plugins/internal/DefaultJavaPluginConvention_DecoratedBeanInfo> (0x0000000085652aa8) 
thrown [t:\workspace\open\src\hotspot\share\classfile\systemDictionary.cpp, line 256]
Event: 52.392 Thread 0x000001fbb7f2ed50 Exception <a 'java/lang/ClassNotFoundException'{0x000000008566d930}: org/gradle/api/plugins/internal/DefaultJavaPluginConventionBeanInfo> (0x000000008566d930) 
thrown [t:\workspace\open\src\hotspot\share\classfile\systemDictionary.cpp, line 256]
Event: 52.394 Thread 0x000001fbb7f2ed50 Exception <a 'java/lang/ClassNotFoundException'{0x0000000085687518}: org/gradle/api/plugins/JavaPluginConventionBeanInfo> (0x0000000085687518) 
thrown [t:\workspace\open\src\hotspot\share\classfile\systemDictionary.cpp, line 256]
Event: 52.396 Thread 0x000001fbb7f2ed50 Exception <a 'java/lang/ClassNotFoundException'{0x00000000856a10c8}: org/gradle/api/plugins/JavaPluginConventionCustomizer> (0x00000000856a10c8) 
thrown [t:\workspace\open\src\hotspot\share\classfile\systemDictionary.cpp, line 256]
Event: 52.402 Thread 0x000001fbb7f2ed50 Exception <a 'java/lang/ClassNotFoundException'{0x00000000856cf2c8}: org/gradle/api/plugins/internal/DefaultJavaPluginConventionCustomizer> (0x00000000856cf2c8) 
thrown [t:\workspace\open\src\hotspot\share\classfile\systemDictionary.cpp, line 256]
Event: 52.406 Thread 0x000001fbb7f2ed50 Exception <a 'java/lang/ClassNotFoundException'{0x0000000085510020}: org/gradle/api/plugins/internal/DefaultJavaPluginConvention_DecoratedCustomizer> (0x0000000085510020) 
thrown [t:\workspace\open\src\hotspot\share\classfile\systemDictionary.cpp, line 256]
Event: 52.735 Thread 0x000001fbb7f2ed50 Exception <a 'java/lang/NoSuchMethodError'{0x0000000084dedd40}: 'int java.lang.invoke.DirectMethodHandle$Holder.invokeInterface(java.lang.Object, java.lang.Object, java.lang.Object, java.lang.Object)'> (0x0000000084dedd40) 
thrown [t:\workspace\open\src\hotspot\share\interpreter\linkResolver.cpp, line 766]
Event: 53.165 Thread 0x000001fbb7f2ed50 Exception <a 'java/lang/ClassNotFoundException'{0x0000000084895fd8}: org/jetbrains/kotlin/gradle/targets/js/npm/DefaultNpmDependencyExtensionBeanInfo> (0x0000000084895fd8) 
thrown [t:\workspace\open\src\hotspot\share\classfile\systemDictionary.cpp, line 256]
Event: 53.166 Thread 0x000001fbb7f2ed50 Exception <a 'java/lang/ClassNotFoundException'{0x00000000848a1120}: org/jetbrains/kotlin/gradle/targets/js/npm/DefaultNpmDependencyExtensionCustomizer> (0x00000000848a1120) 
thrown [t:\workspace\open\src\hotspot\share\classfile\systemDictionary.cpp, line 256]
Event: 53.183 Thread 0x000001fbb7f2ed50 Exception <a 'java/lang/ClassNotFoundException'{0x000000008470f438}: org/jetbrains/kotlin/gradle/targets/js/npm/NpmDependencyExtensionKt$defaultNpmDependencyDelegate$1BeanInfo> (0x000000008470f438) 
thrown [t:\workspace\open\src\hotspot\share\classfile\systemDictionary.cpp, line 256]
Event: 53.184 Thread 0x000001fbb7f2ed50 Exception <a 'java/lang/ClassNotFoundException'{0x000000008471a5c8}: org/jetbrains/kotlin/gradle/targets/js/npm/NpmDependencyExtensionDelegateBeanInfo> (0x000000008471a5c8) 
thrown [t:\workspace\open\src\hotspot\share\classfile\systemDictionary.cpp, line 256]
Event: 53.184 Thread 0x000001fbb7f2ed50 Exception <a 'java/lang/ClassNotFoundException'{0x0000000084725720}: org/jetbrains/kotlin/gradle/targets/js/npm/NpmDependencyExtensionDelegateCustomizer> (0x0000000084725720) 
thrown [t:\workspace\open\src\hotspot\share\classfile\systemDictionary.cpp, line 256]
Event: 53.187 Thread 0x000001fbb7f2ed50 Exception <a 'java/lang/ClassNotFoundException'{0x0000000084749b00}: org/jetbrains/kotlin/gradle/targets/js/npm/NpmDependencyExtensionKt$defaultNpmDependencyDelegate$1Customizer> (0x0000000084749b00) 
thrown [t:\workspace\open\src\hotspot\share\classfile\systemDictionary.cpp, line 256]
Event: 53.196 Thread 0x000001fbb7f2ed50 Exception <a 'java/lang/ClassNotFoundException'{0x00000000847809f8}: org/jetbrains/kotlin/gradle/targets/js/npm/DefaultDevNpmDependencyExtensionBeanInfo> (0x00000000847809f8) 
thrown [t:\workspace\open\src\hotspot\share\classfile\systemDictionary.cpp, line 256]
Event: 53.198 Thread 0x000001fbb7f2ed50 Exception <a 'java/lang/ClassNotFoundException'{0x000000008478bb58}: org/jetbrains/kotlin/gradle/targets/js/npm/DefaultDevNpmDependencyExtensionCustomizer> (0x000000008478bb58) 
thrown [t:\workspace\open\src\hotspot\share\classfile\systemDictionary.cpp, line 256]
Event: 53.218 Thread 0x000001fbb7f2ed50 Exception <a 'java/lang/ClassNotFoundException'{0x00000000847c6208}: org/jetbrains/kotlin/gradle/targets/js/npm/DefaultPeerNpmDependencyExtensionBeanInfo> (0x00000000847c6208) 
thrown [t:\workspace\open\src\hotspot\share\classfile\systemDictionary.cpp, line 256]
Event: 53.221 Thread 0x000001fbb7f2ed50 Exception <a 'java/lang/ClassNotFoundException'{0x00000000847d1378}: org/jetbrains/kotlin/gradle/targets/js/npm/DefaultPeerNpmDependencyExtensionCustomizer> (0x00000000847d1378) 
thrown [t:\workspace\open\src\hotspot\share\classfile\systemDictionary.cpp, line 256]
Event: 53.229 Thread 0x000001fbb7f2ed50 Exception <a 'java/lang/ClassNotFoundException'{0x0000000084611f30}: org/jetbrains/kotlin/gradle/targets/js/npm/DefaultPeerNpmDependencyExtension$delegate$1BeanInfo> (0x0000000084611f30) 
thrown [t:\workspace\open\src\hotspot\share\classfile\systemDictionary.cpp, line 256]
Event: 53.229 Thread 0x000001fbb7f2ed50 Exception <a 'java/lang/ClassNotFoundException'{0x000000008461d168}: org/jetbrains/kotlin/gradle/targets/js/npm/DefaultPeerNpmDependencyExtension$delegate$1Customizer> (0x000000008461d168) 
thrown [t:\workspace\open\src\hotspot\share\classfile\systemDictionary.cpp, line 256]

VM Operations (20 events):
Event: 54.440 Executing VM operation: G1Concurrent
Event: 54.473 Executing VM operation: G1Concurrent done
Event: 54.967 Executing VM operation: ICBufferFull
Event: 54.967 Executing VM operation: ICBufferFull done
Event: 55.000 Executing VM operation: ICBufferFull
Event: 55.000 Executing VM operation: ICBufferFull done
Event: 55.030 Executing VM operation: ICBufferFull
Event: 55.030 Executing VM operation: ICBufferFull done
Event: 55.071 Executing VM operation: ICBufferFull
Event: 55.071 Executing VM operation: ICBufferFull done
Event: 55.097 Executing VM operation: ICBufferFull
Event: 55.098 Executing VM operation: ICBufferFull done
Event: 55.139 Executing VM operation: ICBufferFull
Event: 55.139 Executing VM operation: ICBufferFull done
Event: 55.166 Executing VM operation: ICBufferFull
Event: 55.166 Executing VM operation: ICBufferFull done
Event: 55.192 Executing VM operation: ICBufferFull
Event: 55.192 Executing VM operation: ICBufferFull done
Event: 55.415 Executing VM operation: G1CollectForAllocation
Event: 55.422 Executing VM operation: G1CollectForAllocation done

Events (20 events):
Event: 51.397 loading class javax/management/InstanceNotFoundException done
Event: 51.398 loading class javax/management/ReflectionException
Event: 51.398 loading class javax/management/ReflectionException done
Event: 51.398 loading class javax/management/MalformedObjectNameException
Event: 51.398 loading class javax/management/MalformedObjectNameException done
Event: 51.398 loading class javax/management/MBeanException
Event: 51.398 loading class javax/management/MBeanException done
Event: 51.398 loading class javax/management/AttributeNotFoundException
Event: 51.398 loading class javax/management/AttributeNotFoundException done
Event: 51.399 loading class sun/reflect/misc/MethodUtil
Event: 51.399 loading class sun/reflect/misc/MethodUtil done
Event: 51.400 loading class sun/reflect/misc/MethodUtil$1
Event: 51.400 loading class sun/reflect/misc/MethodUtil$1 done
Event: 51.406 Thread 0x000001fbbb60ce40 Thread added: 0x000001fbbb60ce40
Event: 54.579 loading class java/util/ArrayList$SubList$1
Event: 54.579 loading class java/util/ArrayList$SubList$1 done
Event: 55.325 loading class jdk/internal/loader/URLClassPath$FileLoader
Event: 55.325 loading class jdk/internal/loader/URLClassPath$FileLoader done
Event: 55.328 loading class jdk/internal/loader/URLClassPath$FileLoader$1
Event: 55.328 loading class jdk/internal/loader/URLClassPath$FileLoader$1 done


Dynamic libraries:
0x00007ff7a0130000 - 0x00007ff7a0140000 	C:\Program Files\Java\jdk-17.0.2\bin\java.exe
0x00007fffa16b0000 - 0x00007fffa18a7000 	C:\windows\SYSTEM32\ntdll.dll
0x00007fff9f710000 - 0x00007fff9f7cd000 	C:\windows\System32\KERNEL32.DLL
0x00007fff9f080000 - 0x00007fff9f376000 	C:\windows\System32\KERNELBASE.dll
0x00007fff9f430000 - 0x00007fff9f530000 	C:\windows\System32\ucrtbase.dll
0x00007fff66010000 - 0x00007fff66028000 	C:\Program Files\Java\jdk-17.0.2\bin\jli.dll
0x00007fff67c80000 - 0x00007fff67c9a000 	C:\Program Files\Java\jdk-17.0.2\bin\VCRUNTIME140.dll
0x00007fffa0dc0000 - 0x00007fffa0e6e000 	C:\windows\System32\ADVAPI32.dll
0x00007fff9fa90000 - 0x00007fff9fb2e000 	C:\windows\System32\msvcrt.dll
0x00007fffa0e70000 - 0x00007fffa0f0c000 	C:\windows\System32\sechost.dll
0x00007fffa0580000 - 0x00007fffa06a6000 	C:\windows\System32\RPCRT4.dll
0x00007fffa0b00000 - 0x00007fffa0c9e000 	C:\windows\System32\USER32.dll
0x00007fff9f650000 - 0x00007fff9f672000 	C:\windows\System32\win32u.dll
0x00007fffa1510000 - 0x00007fffa153c000 	C:\windows\System32\GDI32.dll
0x00007fff9ed90000 - 0x00007fff9eeaa000 	C:\windows\System32\gdi32full.dll
0x00007fff9f580000 - 0x00007fff9f61d000 	C:\windows\System32\msvcp_win.dll
0x00007fff85fb0000 - 0x00007fff8624a000 	C:\windows\WinSxS\amd64_microsoft.windows.common-controls_6595b64144ccf1df_6.0.19041.3570_none_60bb2a3971f3e41a\COMCTL32.dll
0x00007fff95a10000 - 0x00007fff95a1a000 	C:\windows\SYSTEM32\VERSION.dll
0x00007fffa0480000 - 0x00007fffa04b0000 	C:\windows\System32\IMM32.DLL
0x00007fff686a0000 - 0x00007fff686ac000 	C:\Program Files\Java\jdk-17.0.2\bin\vcruntime140_1.dll
0x00007fff0bcc0000 - 0x00007fff0bd4d000 	C:\Program Files\Java\jdk-17.0.2\bin\msvcp140.dll
0x00007ffd78da0000 - 0x00007ffd79961000 	C:\Program Files\Java\jdk-17.0.2\bin\server\jvm.dll
0x00007fffa04b0000 - 0x00007fffa04b8000 	C:\windows\System32\PSAPI.DLL
0x00007fff84e10000 - 0x00007fff84e19000 	C:\windows\SYSTEM32\WSOCK32.dll
0x00007fffa06d0000 - 0x00007fffa073b000 	C:\windows\System32\WS2_32.dll
0x00007fff944a0000 - 0x00007fff944c7000 	C:\windows\SYSTEM32\WINMM.dll
0x00007fff9cbf0000 - 0x00007fff9cc02000 	C:\windows\SYSTEM32\kernel.appcore.dll
0x00007fff68510000 - 0x00007fff6851a000 	C:\Program Files\Java\jdk-17.0.2\bin\jimage.dll
0x00007fff881a0000 - 0x00007fff88384000 	C:\windows\SYSTEM32\DBGHELP.DLL
0x00007fff88150000 - 0x00007fff88184000 	C:\windows\SYSTEM32\dbgcore.DLL
0x00007fff9f680000 - 0x00007fff9f702000 	C:\windows\System32\bcryptPrimitives.dll
0x00007fff5a650000 - 0x00007fff5a675000 	C:\Program Files\Java\jdk-17.0.2\bin\java.dll
0x00007fff0abb0000 - 0x00007fff0ac86000 	C:\Program Files\Java\jdk-17.0.2\bin\jsvml.dll
0x00007fff9fc40000 - 0x00007fffa0384000 	C:\windows\System32\SHELL32.dll
0x00007fff9cdf0000 - 0x00007fff9d58b000 	C:\windows\SYSTEM32\windows.storage.dll
0x00007fffa0740000 - 0x00007fffa0a94000 	C:\windows\System32\combase.dll
0x00007fff9e700000 - 0x00007fff9e72d000 	C:\windows\SYSTEM32\Wldp.dll
0x00007fff9f7d0000 - 0x00007fff9f87d000 	C:\windows\System32\SHCORE.dll
0x00007fff9fa30000 - 0x00007fff9fa85000 	C:\windows\System32\shlwapi.dll
0x00007fff9ecc0000 - 0x00007fff9ece5000 	C:\windows\SYSTEM32\profapi.dll
0x00007fff5d8c0000 - 0x00007fff5d8d9000 	C:\Program Files\Java\jdk-17.0.2\bin\net.dll
0x00007fff952f0000 - 0x00007fff953fa000 	C:\windows\SYSTEM32\WINHTTP.dll
0x00007fff9e460000 - 0x00007fff9e4ca000 	C:\windows\system32\mswsock.dll
0x00007fff5d840000 - 0x00007fff5d856000 	C:\Program Files\Java\jdk-17.0.2\bin\nio.dll
0x00007fff5ab60000 - 0x00007fff5ab78000 	C:\Program Files\Java\jdk-17.0.2\bin\zip.dll
0x00007fff67aa0000 - 0x00007fff67ab0000 	C:\Program Files\Java\jdk-17.0.2\bin\verify.dll
0x00007fff5a090000 - 0x00007fff5a0b7000 	C:\Users\HP 2\.gradle\native\68d5fa5c4cc2d200863cafc0d521ce42e7d3e7ee720ec0a83991735586a16f82\windows-amd64\native-platform.dll
0x00007fff01ab0000 - 0x00007fff01bf4000 	C:\Users\HP 2\.gradle\native\e376f236ea51e6404a007f0833ffe2c6e607c4080706a723a18a27aeea778392\windows-amd64\native-platform-file-events.dll
0x00007fff66380000 - 0x00007fff66389000 	C:\Program Files\Java\jdk-17.0.2\bin\management.dll
0x00007fff65e80000 - 0x00007fff65e8b000 	C:\Program Files\Java\jdk-17.0.2\bin\management_ext.dll
0x00007fff9e660000 - 0x00007fff9e678000 	C:\windows\SYSTEM32\CRYPTSP.dll
0x00007fff9dd40000 - 0x00007fff9dd74000 	C:\windows\system32\rsaenh.dll
0x00007fff9f620000 - 0x00007fff9f647000 	C:\windows\System32\bcrypt.dll
0x00007fff9ec40000 - 0x00007fff9ec6e000 	C:\windows\SYSTEM32\USERENV.dll
0x00007fff9e650000 - 0x00007fff9e65c000 	C:\windows\SYSTEM32\CRYPTBASE.dll
0x00007fff9e130000 - 0x00007fff9e16b000 	C:\windows\SYSTEM32\IPHLPAPI.DLL
0x00007fffa0470000 - 0x00007fffa0478000 	C:\windows\System32\NSI.dll
0x00007fff94e40000 - 0x00007fff94e57000 	C:\windows\SYSTEM32\dhcpcsvc6.DLL
0x00007fff95920000 - 0x00007fff9593d000 	C:\windows\SYSTEM32\dhcpcsvc.DLL
0x00007fff9e170000 - 0x00007fff9e23a000 	C:\windows\SYSTEM32\DNSAPI.dll
0x00007fff5f640000 - 0x00007fff5f64e000 	C:\Program Files\Java\jdk-17.0.2\bin\sunmscapi.dll
0x00007fff9eeb0000 - 0x00007fff9f00d000 	C:\windows\System32\CRYPT32.dll
0x00007fff9e770000 - 0x00007fff9e797000 	C:\windows\SYSTEM32\ncrypt.dll
0x00007fff9e730000 - 0x00007fff9e76b000 	C:\windows\SYSTEM32\NTASN1.dll
0x00007fff838f0000 - 0x00007fff838f7000 	C:\windows\system32\wshunix.dll
0x0000000063940000 - 0x0000000063966000 	C:\Program Files\Bonjour\mdnsNSP.dll
0x00007fff98320000 - 0x00007fff9832a000 	C:\Windows\System32\rasadhlp.dll
0x00007fff89dd0000 - 0x00007fff89e52000 	C:\windows\System32\fwpuclnt.dll

dbghelp: loaded successfully - version: 4.0.5 - missing functions: none
symbol engine: initialized successfully - sym options: 0x614 - pdb path: .;C:\Program Files\Java\jdk-17.0.2\bin;C:\windows\SYSTEM32;C:\windows\WinSxS\amd64_microsoft.windows.common-controls_6595b64144ccf1df_6.0.19041.3570_none_60bb2a3971f3e41a;C:\Program Files\Java\jdk-17.0.2\bin\server;C:\Users\HP 2\.gradle\native\68d5fa5c4cc2d200863cafc0d521ce42e7d3e7ee720ec0a83991735586a16f82\windows-amd64;C:\Users\HP 2\.gradle\native\e376f236ea51e6404a007f0833ffe2c6e607c4080706a723a18a27aeea778392\windows-amd64;C:\Program Files\Bonjour

VM Arguments:
jvm_args: -XX:MaxMetaspaceSize=512m --add-opens=java.base/java.util=ALL-UNNAMED --add-opens=java.base/java.lang=ALL-UNNAMED --add-opens=java.base/java.lang.invoke=ALL-UNNAMED --add-opens=java.prefs/java.util.prefs=ALL-UNNAMED --add-opens=java.base/java.nio.charset=ALL-UNNAMED --add-opens=java.base/java.net=ALL-UNNAMED --add-opens=java.base/java.util.concurrent.atomic=ALL-UNNAMED -Xmx2048m -Dfile.encoding=windows-1252 -Duser.country=US -Duser.language=en -Duser.variant 
java_command: org.gradle.launcher.daemon.bootstrap.GradleDaemon 8.0.1
java_class_path (initial): C:\Users\HP 2\.gradle\wrapper\dists\gradle-8.0.1-all\aro4hu1c3oeioove7l0i4i14o\gradle-8.0.1\lib\gradle-launcher-8.0.1.jar
Launcher Type: SUN_STANDARD

[Global flags]
     intx CICompilerCount                          = 4                                         {product} {ergonomic}
   size_t CompressedClassSpaceSize                 = 432013312                                 {product} {ergonomic}
     uint ConcGCThreads                            = 2                                         {product} {ergonomic}
     uint G1ConcRefinementThreads                  = 8                                         {product} {ergonomic}
   size_t G1HeapRegionSize                         = 1048576                                   {product} {ergonomic}
    uintx GCDrainStackTargetSize                   = 64                                        {product} {ergonomic}
   size_t InitialHeapSize                          = 100663296                                 {product} {ergonomic}
   size_t MarkStackSize                            = 4194304                                   {product} {ergonomic}
   size_t MaxHeapSize                              = 2147483648                                {product} {command line}
   size_t MaxMetaspaceSize                         = 536870912                                 {product} {command line}
   size_t MaxNewSize                               = 1287651328                                {product} {ergonomic}
   size_t MinHeapDeltaBytes                        = 1048576                                   {product} {ergonomic}
   size_t MinHeapSize                              = 8388608                                   {product} {ergonomic}
    uintx NonNMethodCodeHeapSize                   = 5839372                                {pd product} {ergonomic}
    uintx NonProfiledCodeHeapSize                  = 122909434                              {pd product} {ergonomic}
    uintx ProfiledCodeHeapSize                     = 122909434                              {pd product} {ergonomic}
    uintx ReservedCodeCacheSize                    = 251658240                              {pd product} {ergonomic}
     bool SegmentedCodeCache                       = true                                      {product} {ergonomic}
   size_t SoftMaxHeapSize                          = 2147483648                             {manageable} {ergonomic}
     bool UseCompressedClassPointers               = true                           {product lp64_product} {ergonomic}
     bool UseCompressedOops                        = true                           {product lp64_product} {ergonomic}
     bool UseG1GC                                  = true                                      {product} {ergonomic}
     bool UseLargePagesIndividualAllocation        = false                                  {pd product} {ergonomic}

Logging:
Log output configuration:
 #0: stdout all=warning uptime,level,tags
 #1: stderr all=off uptime,level,tags

Environment Variables:
JAVA_HOME=C:\Program Files\Java\jdk-17.0.2
CLASSPATH=C:\awesome project\AwesomeProject\android\\gradle\wrapper\gradle-wrapper.jar
PATH=C:\awesome project\AwesomeProject\node_modules\.bin;C:\awesome project\AwesomeProject\node_modules\.bin;C:\awesome project\node_modules\.bin;C:\node_modules\.bin;C:\Program Files\nodejs\node_modules\npm\node_modules\@npmcli\run-script\lib\node-gyp-bin;C:\Python27;C:\PCI Geomatics\Geomatica 2015\exe;C:\Program Files\Common Files\Oracle\Java\javapath;C:\Program Files (x86)\Common Files\Oracle\Java\javapath;C:\windows\system32;C:\windows;C:\windows\System32\Wbem;C:\windows\System32\WindowsPowerShell\v1.0\;C:\windows\System32\OpenSSH\;C:\Program Files\dotnet\;C:\Program Files\Java\jre1.8.0_321\bin;C:\Anaconda3;C:\Anaconda3\Scripts;C:\Program Files (x86)\Windows Kits\10\Windows Performance Toolkit\;C:\Program Files\nodejs\;C:\xampp\php;C:\ProgramData\ComposerSetup\bin;C:\Program Files\Git\cmd;C:\Users\HP 2\AppData\Local\Programs\Python\Python39\Scripts\;C:\Users\HP 2\AppData\Local\Programs\Python\Python39\;C:\Program Files\MySQL\MySQL Shell 8.0\bin\;C:\Users\HP 2\AppData\Local\Microsoft\WindowsApps;C:\Users\HP 2\AppData\Local\Programs\Microsoft VS Code\bin;C:\Users\HP 2\.dotnet\tools;C:\Users\HP 2\AppData\Roaming\npm;C:\Users\HP 2\AppData\Roaming\Composer\vendor\bin;
USERNAME=HP 2
LANG=en_US.UTF-8
OS=Windows_NT
PROCESSOR_IDENTIFIER=AMD64 Family 23 Model 24 Stepping 1, AuthenticAMD



---------------  S Y S T E M  ---------------

OS:
 Windows 10 , 64 bit Build 19041 (10.0.19041.3570)
OS uptime: 0 days 20:12 hours
Hyper-V role detected

CPU: total 8 (initial active 8) (8 cores per cpu, 2 threads per core) family 23 model 24 stepping 1 microcode 0x0, cx8, cmov, fxsr, ht, mmx, 3dnowpref, sse, sse2, sse3, ssse3, sse4a, sse4.1, sse4.2, popcnt, lzcnt, tsc, tscinvbit, avx, avx2, aes, clmul, bmi1, bmi2, adx, sha, fma, vzeroupper, clflush, clflushopt, hv

Memory: 4k page, system-wide physical 6058M (186M free)
TotalPageFile size 24490M (AvailPageFile size 4M)
current process WorkingSet (physical memory assigned to process): 228M, peak: 231M
current process commit charge ("private bytes"): 305M, peak: 309M

vm_info: Java HotSpot(TM) 64-Bit Server VM (17.0.2+8-LTS-86) for windows-amd64 JRE (17.0.2+8-LTS-86), built on Dec  7 2021 21:51:03 by "mach5one" with MS VC++ 16.8 / 16.9 (VS2019)

END.
